[GIN-debug] [WARNING] Creating an Engine instance with the Logger and Recovery middleware already attached.

[GIN-debug] [WARNING] Running in "debug" mode. Switch to "release" mode in production.
 - using env:	export GIN_MODE=release
 - using code:	gin.SetMode(gin.ReleaseMode)

[GIN-debug] GET    /                         --> job-posting/gateway/routes.Routes.func1 (5 handlers)
[GIN-debug] POST   /auth/login               --> job-posting/gateway/handler.LoginUser (5 handlers)
[GIN-debug] POST   /auth/register            --> job-posting/gateway/handler.RegisterUser (5 handlers)
[GIN-debug] GET    /company                  --> job-posting/gateway/handler.GetCompany (6 handlers)
[GIN-debug] GET    /company/:id              --> job-posting/gateway/handler.GetCompanyByID (6 handlers)
[GIN-debug] POST   /company/create           --> job-posting/gateway/handler.CompanyCreate (6 handlers)
[GIN-debug] PUT    /company/update/:id       --> job-posting/gateway/handler.CompanyUpdate (6 handlers)
[GIN-debug] DELETE /company/delete/:id       --> job-posting/gateway/handler.CompanyDelete (7 handlers)
[GIN-debug] GET    /job                      --> job-posting/gateway/handler.GetJob (6 handlers)
[GIN-debug] GET    /job/:id                  --> job-posting/gateway/handler.GetJobByID (6 handlers)
[GIN-debug] POST   /job/create               --> job-posting/gateway/handler.JobCreate (6 handlers)
[GIN-debug] PUT    /job/update/:id           --> job-posting/gateway/handler.JobUpdate (6 handlers)
[GIN-debug] DELETE /job/delete/:id           --> job-posting/gateway/handler.JobDelete (6 handlers)
[GIN-debug] [WARNING] You trusted all proxies, this is NOT safe. We recommend you to set a value.
Please check https://pkg.go.dev/github.com/gin-gonic/gin#readme-don-t-trust-all-proxies for details.
[GIN-debug] Listening and serving HTTP on :4050
[GIN] 2025/01/09 - 23:04:12 | 200 |    504.7452ms |             ::1 | GET      "/job/67aebf9a-b16c-4f7b-bb9b-a9835f6f9b12"
